mode: atomic
github.com/ealoshinsky/environment/base.go:24.67,26.29 2 0
github.com/ealoshinsky/environment/base.go:26.29,28.17 2 0
github.com/ealoshinsky/environment/base.go:28.17,30.4 1 0
github.com/ealoshinsky/environment/base.go:31.3,31.30 1 0
github.com/ealoshinsky/environment/base.go:31.30,33.4 1 0
github.com/ealoshinsky/environment/base.go:36.2,36.52 1 0
github.com/ealoshinsky/environment/base.go:36.52,38.3 1 0
github.com/ealoshinsky/environment/base.go:39.2,39.12 1 0
github.com/ealoshinsky/environment/base.go:42.58,44.16 2 1
github.com/ealoshinsky/environment/base.go:44.16,45.37 1 0
github.com/ealoshinsky/environment/base.go:45.37,47.4 1 0
github.com/ealoshinsky/environment/base.go:48.3,48.18 1 0
github.com/ealoshinsky/environment/base.go:50.2,50.28 1 1
github.com/ealoshinsky/environment/base.go:50.28,51.38 1 1
github.com/ealoshinsky/environment/base.go:51.38,53.4 1 0
github.com/ealoshinsky/environment/base.go:56.2,61.21 5 1
github.com/ealoshinsky/environment/base.go:61.21,63.49 2 2
github.com/ealoshinsky/environment/base.go:63.49,64.12 1 0
github.com/ealoshinsky/environment/base.go:67.3,67.36 1 2
github.com/ealoshinsky/environment/base.go:67.36,70.12 3 0
github.com/ealoshinsky/environment/base.go:73.3,73.16 1 2
github.com/ealoshinsky/environment/base.go:73.16,78.4 4 0
github.com/ealoshinsky/environment/base.go:80.3,81.22 2 2
github.com/ealoshinsky/environment/base.go:81.22,82.12 1 0
github.com/ealoshinsky/environment/base.go:85.3,86.41 2 2
github.com/ealoshinsky/environment/base.go:86.41,88.4 1 0
github.com/ealoshinsky/environment/base.go:90.3,92.23 3 2
github.com/ealoshinsky/environment/base.go:95.2,95.38 1 1
github.com/ealoshinsky/environment/base.go:95.38,97.3 1 0
github.com/ealoshinsky/environment/base.go:99.2,99.21 1 1
github.com/ealoshinsky/environment/base.go:102.40,103.17 1 7
github.com/ealoshinsky/environment/base.go:103.17,105.3 1 1
github.com/ealoshinsky/environment/base.go:107.2,114.88 2 6
github.com/ealoshinsky/environment/base.go:114.88,116.3 1 2
github.com/ealoshinsky/environment/base.go:118.2,118.14 1 6
github.com/ealoshinsky/environment/base.go:121.68,122.75 1 6
github.com/ealoshinsky/environment/base.go:122.75,124.46 2 3
github.com/ealoshinsky/environment/base.go:124.46,126.4 1 1
github.com/ealoshinsky/environment/base.go:127.3,127.51 1 2
github.com/ealoshinsky/environment/base.go:127.51,129.4 1 1
github.com/ealoshinsky/environment/base.go:130.3,130.15 1 1
github.com/ealoshinsky/environment/base.go:134.65,138.38 3 1
github.com/ealoshinsky/environment/base.go:138.38,142.37 3 5
github.com/ealoshinsky/environment/base.go:142.37,143.70 1 0
github.com/ealoshinsky/environment/base.go:143.70,145.5 1 0
github.com/ealoshinsky/environment/base.go:146.4,146.71 1 0
github.com/ealoshinsky/environment/base.go:146.71,148.19 2 0
github.com/ealoshinsky/environment/base.go:148.19,150.6 1 0
github.com/ealoshinsky/environment/base.go:151.5,151.59 1 0
github.com/ealoshinsky/environment/base.go:151.59,153.6 1 0
github.com/ealoshinsky/environment/base.go:155.4,155.12 1 0
github.com/ealoshinsky/environment/base.go:158.3,159.17 2 5
github.com/ealoshinsky/environment/base.go:159.17,161.4 1 0
github.com/ealoshinsky/environment/base.go:163.3,163.21 1 5
github.com/ealoshinsky/environment/base.go:163.21,164.12 1 0
github.com/ealoshinsky/environment/base.go:167.3,167.51 1 5
github.com/ealoshinsky/environment/base.go:167.51,169.4 1 0
github.com/ealoshinsky/environment/base.go:171.2,171.12 1 1
github.com/ealoshinsky/environment/base.go:174.104,176.18 2 5
github.com/ealoshinsky/environment/base.go:176.18,178.3 1 0
github.com/ealoshinsky/environment/base.go:180.2,180.44 1 5
github.com/ealoshinsky/environment/base.go:180.44,182.3 1 4
github.com/ealoshinsky/environment/base.go:183.2,183.41 1 1
github.com/ealoshinsky/environment/base.go:183.41,185.3 1 0
github.com/ealoshinsky/environment/base.go:186.2,186.47 1 1
github.com/ealoshinsky/environment/base.go:186.47,188.3 1 0
github.com/ealoshinsky/environment/base.go:189.2,189.44 1 1
github.com/ealoshinsky/environment/base.go:192.56,193.22 1 9
github.com/ealoshinsky/environment/base.go:194.22,195.25 1 4
github.com/ealoshinsky/environment/base.go:196.78,197.55 1 4
github.com/ealoshinsky/environment/base.go:197.55,199.18 2 2
github.com/ealoshinsky/environment/base.go:199.18,201.5 1 0
github.com/ealoshinsky/environment/base.go:202.4,202.33 1 2
github.com/ealoshinsky/environment/base.go:203.9,205.18 2 2
github.com/ealoshinsky/environment/base.go:205.18,207.5 1 0
github.com/ealoshinsky/environment/base.go:208.4,208.24 1 2
github.com/ealoshinsky/environment/base.go:210.20,212.17 2 1
github.com/ealoshinsky/environment/base.go:212.17,214.4 1 0
github.com/ealoshinsky/environment/base.go:215.3,215.25 1 1
github.com/ealoshinsky/environment/base.go:216.21,219.33 3 0
github.com/ealoshinsky/environment/base.go:219.33,221.57 2 0
github.com/ealoshinsky/environment/base.go:221.57,223.5 1 0
github.com/ealoshinsky/environment/base.go:225.3,225.19 1 0
github.com/ealoshinsky/environment/base.go:226.19,228.59 2 0
github.com/ealoshinsky/environment/base.go:228.59,230.4 1 0
github.com/ealoshinsky/environment/base.go:231.3,231.32 1 0
github.com/ealoshinsky/environment/base.go:232.10,233.57 1 0
github.com/ealoshinsky/environment/base.go:235.2,235.12 1 9
github.com/ealoshinsky/environment/production.go:8.46,9.55 1 0
github.com/ealoshinsky/environment/production.go:9.55,11.3 1 0
